{"C:\\Users\\edwin\\Desktop\\Programs\\Proyectos\\GEMA-Frontend\\BackEnd\\src\\controllers\\crudFactory.ts": {"path":"C:\\Users\\edwin\\Desktop\\Programs\\Proyectos\\GEMA-Frontend\\BackEnd\\src\\controllers\\crudFactory.ts","statementMap":{"0":{"start":{"line":87,"column":0},"end":{"line":87,"column":16}},"1":{"start":{"line":15,"column":0},"end":{"line":15,"column":35}},"2":{"start":{"line":16,"column":0},"end":{"line":16,"column":38}},"3":{"start":{"line":18,"column":0},"end":{"line":18,"column":27}},"4":{"start":{"line":20,"column":0},"end":{"line":20,"column":43}},"5":{"start":{"line":21,"column":0},"end":{"line":21,"column":59}},"6":{"start":{"line":35,"column":1},"end":{"line":38,"column":2}},"7":{"start":{"line":36,"column":23},"end":{"line":36,"column":50}},"8":{"start":{"line":37,"column":2},"end":{"line":37,"column":31}},"9":{"start":{"line":40,"column":1},"end":{"line":42,"column":3}},"10":{"start":{"line":41,"column":52},"end":{"line":41,"column":73}},"11":{"start":{"line":60,"column":21},"end":{"line":64,"column":2}},"12":{"start":{"line":66,"column":0},"end":{"line":66,"column":21}},"13":{"start":{"line":92,"column":1},"end":{"line":275,"column":3}},"14":{"start":{"line":106,"column":3},"end":{"line":106,"column":60}},"15":{"start":{"line":107,"column":3},"end":{"line":132,"column":4}},"16":{"start":{"line":109,"column":22},"end":{"line":109,"column":54}},"17":{"start":{"line":112,"column":19},"end":{"line":112,"column":71}},"18":{"start":{"line":114,"column":4},"end":{"line":114,"column":61}},"19":{"start":{"line":115,"column":4},"end":{"line":115,"column":36}},"20":{"start":{"line":117,"column":4},"end":{"line":117,"column":58}},"21":{"start":{"line":120,"column":4},"end":{"line":131,"column":5}},"22":{"start":{"line":121,"column":5},"end":{"line":124,"column":8}},"23":{"start":{"line":127,"column":5},"end":{"line":130,"column":8}},"24":{"start":{"line":148,"column":3},"end":{"line":148,"column":63}},"25":{"start":{"line":149,"column":3},"end":{"line":166,"column":4}},"26":{"start":{"line":150,"column":15},"end":{"line":150,"column":25}},"27":{"start":{"line":153,"column":19},"end":{"line":156,"column":36}},"28":{"start":{"line":158,"column":4},"end":{"line":158,"column":70}},"29":{"start":{"line":159,"column":4},"end":{"line":159,"column":44}},"30":{"start":{"line":161,"column":4},"end":{"line":161,"column":59}},"31":{"start":{"line":162,"column":4},"end":{"line":165,"column":7}},"32":{"start":{"line":181,"column":3},"end":{"line":181,"column":49}},"33":{"start":{"line":182,"column":3},"end":{"line":194,"column":4}},"34":{"start":{"line":184,"column":19},"end":{"line":184,"column":48}},"35":{"start":{"line":186,"column":4},"end":{"line":186,"column":58}},"36":{"start":{"line":187,"column":4},"end":{"line":187,"column":33}},"37":{"start":{"line":189,"column":4},"end":{"line":189,"column":58}},"38":{"start":{"line":190,"column":4},"end":{"line":193,"column":7}},"39":{"start":{"line":210,"column":3},"end":{"line":210,"column":90}},"40":{"start":{"line":211,"column":3},"end":{"line":243,"column":4}},"41":{"start":{"line":212,"column":15},"end":{"line":212,"column":25}},"42":{"start":{"line":215,"column":22},"end":{"line":215,"column":54}},"43":{"start":{"line":218,"column":18},"end":{"line":218,"column":41}},"44":{"start":{"line":219,"column":19},"end":{"line":223,"column":17}},"45":{"start":{"line":225,"column":4},"end":{"line":225,"column":69}},"46":{"start":{"line":226,"column":4},"end":{"line":226,"column":44}},"47":{"start":{"line":228,"column":4},"end":{"line":228,"column":58}},"48":{"start":{"line":231,"column":4},"end":{"line":242,"column":5}},"49":{"start":{"line":232,"column":5},"end":{"line":235,"column":8}},"50":{"start":{"line":238,"column":5},"end":{"line":241,"column":8}},"51":{"start":{"line":259,"column":3},"end":{"line":259,"column":62}},"52":{"start":{"line":260,"column":3},"end":{"line":273,"column":4}},"53":{"start":{"line":262,"column":18},"end":{"line":262,"column":49}},"54":{"start":{"line":263,"column":19},"end":{"line":263,"column":66}},"55":{"start":{"line":265,"column":4},"end":{"line":265,"column":69}},"56":{"start":{"line":266,"column":4},"end":{"line":266,"column":44}},"57":{"start":{"line":268,"column":4},"end":{"line":268,"column":58}},"58":{"start":{"line":269,"column":4},"end":{"line":272,"column":7}}},"fnMap":{"0":{"name":"buildPkWhere","decl":{"start":{"line":33,"column":9},"end":{"line":33,"column":21}},"loc":{"start":{"line":33,"column":70},"end":{"line":43,"column":1}}},"1":{"name":"(anonymous_8)","decl":{"start":{"line":41,"column":34},"end":{"line":41,"column":35}},"loc":{"start":{"line":41,"column":52},"end":{"line":41,"column":73}}},"2":{"name":"createCrud","decl":{"start":{"line":87,"column":16},"end":{"line":87,"column":26}},"loc":{"start":{"line":91,"column":24},"end":{"line":276,"column":1}}},"3":{"name":"(anonymous_10)","decl":{"start":{"line":105,"column":8},"end":{"line":105,"column":14}},"loc":{"start":{"line":105,"column":42},"end":{"line":133,"column":null}}},"4":{"name":"(anonymous_12)","decl":{"start":{"line":147,"column":8},"end":{"line":147,"column":15}},"loc":{"start":{"line":147,"column":43},"end":{"line":167,"column":null}}},"5":{"name":"(anonymous_14)","decl":{"start":{"line":180,"column":8},"end":{"line":180,"column":14}},"loc":{"start":{"line":180,"column":42},"end":{"line":195,"column":null}}},"6":{"name":"(anonymous_16)","decl":{"start":{"line":209,"column":8},"end":{"line":209,"column":14}},"loc":{"start":{"line":209,"column":42},"end":{"line":244,"column":null}}},"7":{"name":"(anonymous_18)","decl":{"start":{"line":258,"column":8},"end":{"line":258,"column":14}},"loc":{"start":{"line":258,"column":42},"end":{"line":274,"column":null}}}},"branchMap":{"0":{"loc":{"start":{"line":35,"column":1},"end":{"line":38,"column":2}},"type":"if","locations":[{"start":{"line":35,"column":1},"end":{"line":38,"column":2}},{"start":{},"end":{}}]},"1":{"loc":{"start":{"line":90,"column":1},"end":{"line":90,"column":22}},"type":"default-arg","locations":[{"start":{"line":90,"column":14},"end":{"line":90,"column":22}}]},"2":{"loc":{"start":{"line":120,"column":4},"end":{"line":131,"column":5}},"type":"if","locations":[{"start":{"line":120,"column":4},"end":{"line":131,"column":5}},{"start":{"line":125,"column":11},"end":{"line":131,"column":5}}]},"3":{"loc":{"start":{"line":158,"column":51},"end":{"line":158,"column":68}},"type":"binary-expr","locations":[{"start":{"line":158,"column":51},"end":{"line":158,"column":60}},{"start":{"line":158,"column":64},"end":{"line":158,"column":68}}]},"4":{"loc":{"start":{"line":159,"column":25},"end":{"line":159,"column":42}},"type":"binary-expr","locations":[{"start":{"line":159,"column":25},"end":{"line":159,"column":34}},{"start":{"line":159,"column":38},"end":{"line":159,"column":42}}]},"5":{"loc":{"start":{"line":225,"column":50},"end":{"line":225,"column":67}},"type":"binary-expr","locations":[{"start":{"line":225,"column":50},"end":{"line":225,"column":59}},{"start":{"line":225,"column":63},"end":{"line":225,"column":67}}]},"6":{"loc":{"start":{"line":226,"column":25},"end":{"line":226,"column":42}},"type":"binary-expr","locations":[{"start":{"line":226,"column":25},"end":{"line":226,"column":34}},{"start":{"line":226,"column":38},"end":{"line":226,"column":42}}]},"7":{"loc":{"start":{"line":231,"column":4},"end":{"line":242,"column":5}},"type":"if","locations":[{"start":{"line":231,"column":4},"end":{"line":242,"column":5}},{"start":{"line":236,"column":11},"end":{"line":242,"column":5}}]},"8":{"loc":{"start":{"line":265,"column":50},"end":{"line":265,"column":67}},"type":"binary-expr","locations":[{"start":{"line":265,"column":50},"end":{"line":265,"column":59}},{"start":{"line":265,"column":63},"end":{"line":265,"column":67}}]},"9":{"loc":{"start":{"line":266,"column":25},"end":{"line":266,"column":42}},"type":"binary-expr","locations":[{"start":{"line":266,"column":25},"end":{"line":266,"column":34}},{"start":{"line":266,"column":38},"end":{"line":266,"column":42}}]}},"s":{"0":1,"1":1,"2":1,"3":1,"4":1,"5":1,"6":0,"7":0,"8":0,"9":0,"10":0,"11":1,"12":1,"13":2,"14":0,"15":0,"16":0,"17":0,"18":0,"19":0,"20":0,"21":0,"22":0,"23":0,"24":0,"25":0,"26":0,"27":0,"28":0,"29":0,"30":0,"31":0,"32":0,"33":0,"34":0,"35":0,"36":0,"37":0,"38":0,"39":0,"40":0,"41":0,"42":0,"43":0,"44":0,"45":0,"46":0,"47":0,"48":0,"49":0,"50":0,"51":0,"52":0,"53":0,"54":0,"55":0,"56":0,"57":0,"58":0},"f":{"0":0,"1":0,"2":2,"3":0,"4":0,"5":0,"6":0,"7":0},"b":{"0":[0,0],"1":[0],"2":[0,0],"3":[0,0],"4":[0,0],"5":[0,0],"6":[0,0],"7":[0,0],"8":[0,0],"9":[0,0]}}
,"C:\\Users\\edwin\\Desktop\\Programs\\Proyectos\\GEMA-Frontend\\BackEnd\\src\\controllers\\report.controller.ts": {"path":"C:\\Users\\edwin\\Desktop\\Programs\\Proyectos\\GEMA-Frontend\\BackEnd\\src\\controllers\\report.controller.ts","statementMap":{"0":{"start":{"line":1,"column":0},"end":{"line":1,"column":43}},"1":{"start":{"line":2,"column":0},"end":{"line":2,"column":61}},"2":{"start":{"line":3,"column":0},"end":{"line":3,"column":27}},"3":{"start":{"line":4,"column":0},"end":{"line":4,"column":null}},"4":{"start":{"line":9,"column":0},"end":{"line":9,"column":24}},"5":{"start":{"line":10,"column":0},"end":{"line":10,"column":42}},"6":{"start":{"line":12,"column":13},"end":{"line":16,"column":3}},"7":{"start":{"line":18,"column":13},"end":{"line":160,"column":null}},"8":{"start":{"line":33,"column":28},"end":{"line":33,"column":38}},"9":{"start":{"line":34,"column":2},"end":{"line":53,"column":3}},"10":{"start":{"line":35,"column":23},"end":{"line":38,"column":68}},"11":{"start":{"line":39,"column":21},"end":{"line":39,"column":61}},"12":{"start":{"line":39,"column":47},"end":{"line":39,"column":60}},"13":{"start":{"line":40,"column":17},"end":{"line":40,"column":19}},"14":{"start":{"line":41,"column":3},"end":{"line":46,"column":4}},"15":{"start":{"line":42,"column":4},"end":{"line":45,"column":43}},"16":{"start":{"line":47,"column":3},"end":{"line":47,"column":33}},"17":{"start":{"line":49,"column":3},"end":{"line":52,"column":6}},"18":{"start":{"line":68,"column":28},"end":{"line":68,"column":38}},"19":{"start":{"line":69,"column":2},"end":{"line":88,"column":3}},"20":{"start":{"line":70,"column":23},"end":{"line":73,"column":60}},"21":{"start":{"line":74,"column":21},"end":{"line":74,"column":61}},"22":{"start":{"line":74,"column":47},"end":{"line":74,"column":60}},"23":{"start":{"line":75,"column":17},"end":{"line":75,"column":19}},"24":{"start":{"line":76,"column":3},"end":{"line":81,"column":4}},"25":{"start":{"line":77,"column":4},"end":{"line":80,"column":43}},"26":{"start":{"line":82,"column":3},"end":{"line":82,"column":33}},"27":{"start":{"line":84,"column":3},"end":{"line":87,"column":6}},"28":{"start":{"line":106,"column":23},"end":{"line":106,"column":33}},"29":{"start":{"line":107,"column":17},"end":{"line":107,"column":73}},"30":{"start":{"line":108,"column":2},"end":{"line":124,"column":3}},"31":{"start":{"line":109,"column":30},"end":{"line":109,"column":52}},"32":{"start":{"line":110,"column":18},"end":{"line":113,"column":6}},"33":{"start":{"line":110,"column":57},"end":{"line":113,"column":5}},"34":{"start":{"line":114,"column":18},"end":{"line":117,"column":16}},"35":{"start":{"line":118,"column":3},"end":{"line":118,"column":32}},"36":{"start":{"line":120,"column":3},"end":{"line":123,"column":6}},"37":{"start":{"line":142,"column":23},"end":{"line":142,"column":33}},"38":{"start":{"line":143,"column":17},"end":{"line":143,"column":66}},"39":{"start":{"line":144,"column":2},"end":{"line":159,"column":3}},"40":{"start":{"line":145,"column":30},"end":{"line":145,"column":52}},"41":{"start":{"line":146,"column":18},"end":{"line":149,"column":6}},"42":{"start":{"line":146,"column":57},"end":{"line":149,"column":5}},"43":{"start":{"line":150,"column":18},"end":{"line":153,"column":16}},"44":{"start":{"line":154,"column":3},"end":{"line":154,"column":32}},"45":{"start":{"line":156,"column":3},"end":{"line":158,"column":76}}},"fnMap":{"0":{"name":"(anonymous_7)","decl":{"start":{"line":32,"column":7},"end":{"line":32,"column":20}},"loc":{"start":{"line":32,"column":29},"end":{"line":54,"column":null}}},"1":{"name":"(anonymous_9)","decl":{"start":{"line":39,"column":37},"end":{"line":39,"column":38}},"loc":{"start":{"line":39,"column":47},"end":{"line":39,"column":60}}},"2":{"name":"(anonymous_10)","decl":{"start":{"line":67,"column":7},"end":{"line":67,"column":21}},"loc":{"start":{"line":67,"column":30},"end":{"line":89,"column":null}}},"3":{"name":"(anonymous_12)","decl":{"start":{"line":74,"column":37},"end":{"line":74,"column":38}},"loc":{"start":{"line":74,"column":47},"end":{"line":74,"column":60}}},"4":{"name":"(anonymous_13)","decl":{"start":{"line":105,"column":7},"end":{"line":105,"column":26}},"loc":{"start":{"line":105,"column":35},"end":{"line":125,"column":null}}},"5":{"name":"(anonymous_15)","decl":{"start":{"line":110,"column":37},"end":{"line":110,"column":38}},"loc":{"start":{"line":110,"column":57},"end":{"line":113,"column":5}}},"6":{"name":"(anonymous_16)","decl":{"start":{"line":141,"column":7},"end":{"line":141,"column":25}},"loc":{"start":{"line":141,"column":34},"end":{"line":160,"column":null}}},"7":{"name":"(anonymous_18)","decl":{"start":{"line":146,"column":37},"end":{"line":146,"column":38}},"loc":{"start":{"line":146,"column":57},"end":{"line":149,"column":5}}}},"branchMap":{"0":{"loc":{"start":{"line":41,"column":3},"end":{"line":46,"column":4}},"type":"if","locations":[{"start":{"line":41,"column":3},"end":{"line":46,"column":4}},{"start":{},"end":{}}]},"1":{"loc":{"start":{"line":76,"column":3},"end":{"line":81,"column":4}},"type":"if","locations":[{"start":{"line":76,"column":3},"end":{"line":81,"column":4}},{"start":{},"end":{}}]}},"s":{"0":1,"1":1,"2":1,"3":1,"4":1,"5":1,"6":1,"7":1,"8":5,"9":5,"10":5,"11":4,"12":1002,"13":4,"14":4,"15":2,"16":4,"17":1,"18":5,"19":5,"20":5,"21":4,"22":501,"23":4,"24":4,"25":2,"26":4,"27":1,"28":5,"29":5,"30":5,"31":5,"32":3,"33":4,"34":3,"35":3,"36":2,"37":4,"38":4,"39":4,"40":4,"41":3,"42":4,"43":3,"44":3,"45":1},"f":{"0":5,"1":1002,"2":5,"3":501,"4":5,"5":4,"6":4,"7":4},"b":{"0":[2,2],"1":[2,2]}}
,"C:\\Users\\edwin\\Desktop\\Programs\\Proyectos\\GEMA-Frontend\\BackEnd\\src\\db\\schema\\schema.ts": {"path":"C:\\Users\\edwin\\Desktop\\Programs\\Proyectos\\GEMA-Frontend\\BackEnd\\src\\db\\schema\\schema.ts","statementMap":{"0":{"start":{"line":12,"column":0},"end":{"line":12,"column":null}},"1":{"start":{"line":22,"column":0},"end":{"line":22,"column":42}},"2":{"start":{"line":31,"column":13},"end":{"line":35,"column":2}},"3":{"start":{"line":46,"column":13},"end":{"line":51,"column":3}},"4":{"start":{"line":59,"column":13},"end":{"line":65,"column":3}},"5":{"start":{"line":84,"column":13},"end":{"line":91,"column":3}},"6":{"start":{"line":99,"column":13},"end":{"line":119,"column":3}},"7":{"start":{"line":102,"column":20},"end":{"line":102,"column":29}},"8":{"start":{"line":114,"column":44},"end":{"line":114,"column":60}},"9":{"start":{"line":127,"column":13},"end":{"line":141,"column":3}},"10":{"start":{"line":136,"column":35},"end":{"line":136,"column":50}},"11":{"start":{"line":149,"column":13},"end":{"line":155,"column":3}},"12":{"start":{"line":163,"column":13},"end":{"line":179,"column":3}},"13":{"start":{"line":168,"column":20},"end":{"line":168,"column":45}},"14":{"start":{"line":173,"column":8},"end":{"line":173,"column":39}},"15":{"start":{"line":194,"column":13},"end":{"line":203,"column":3}},"16":{"start":{"line":210,"column":13},"end":{"line":213,"column":3}},"17":{"start":{"line":221,"column":13},"end":{"line":249,"column":3}},"18":{"start":{"line":230,"column":36},"end":{"line":230,"column":50}},"19":{"start":{"line":236,"column":20},"end":{"line":236,"column":28}},"20":{"start":{"line":240,"column":44},"end":{"line":240,"column":75}},"21":{"start":{"line":244,"column":43},"end":{"line":244,"column":74}},"22":{"start":{"line":257,"column":13},"end":{"line":280,"column":2}},"23":{"start":{"line":262,"column":21},"end":{"line":262,"column":35}},"24":{"start":{"line":268,"column":21},"end":{"line":268,"column":52}},"25":{"start":{"line":276,"column":13},"end":{"line":279,"column":3}},"26":{"start":{"line":291,"column":13},"end":{"line":296,"column":3}},"27":{"start":{"line":304,"column":13},"end":{"line":311,"column":3}},"28":{"start":{"line":307,"column":38},"end":{"line":307,"column":47}},"29":{"start":{"line":321,"column":13},"end":{"line":325,"column":3}},"30":{"start":{"line":334,"column":13},"end":{"line":334,"column":78}},"31":{"start":{"line":346,"column":13},"end":{"line":352,"column":3}},"32":{"start":{"line":361,"column":13},"end":{"line":370,"column":3}},"33":{"start":{"line":376,"column":13},"end":{"line":396,"column":2}},"34":{"start":{"line":381,"column":21},"end":{"line":381,"column":30}},"35":{"start":{"line":387,"column":21},"end":{"line":387,"column":52}},"36":{"start":{"line":393,"column":13},"end":{"line":395,"column":3}},"37":{"start":{"line":402,"column":13},"end":{"line":422,"column":2}},"38":{"start":{"line":407,"column":21},"end":{"line":407,"column":30}},"39":{"start":{"line":413,"column":21},"end":{"line":413,"column":35}},"40":{"start":{"line":419,"column":13},"end":{"line":421,"column":3}},"41":{"start":{"line":430,"column":13},"end":{"line":434,"column":3}}},"fnMap":{"0":{"name":"(anonymous_0)","decl":{"start":{"line":102,"column":14},"end":{"line":102,"column":17}},"loc":{"start":{"line":102,"column":20},"end":{"line":102,"column":29}}},"1":{"name":"(anonymous_1)","decl":{"start":{"line":114,"column":38},"end":{"line":114,"column":41}},"loc":{"start":{"line":114,"column":44},"end":{"line":114,"column":60}}},"2":{"name":"(anonymous_2)","decl":{"start":{"line":136,"column":29},"end":{"line":136,"column":32}},"loc":{"start":{"line":136,"column":35},"end":{"line":136,"column":50}}},"3":{"name":"(anonymous_3)","decl":{"start":{"line":168,"column":14},"end":{"line":168,"column":17}},"loc":{"start":{"line":168,"column":20},"end":{"line":168,"column":45}}},"4":{"name":"(anonymous_4)","decl":{"start":{"line":173,"column":2},"end":{"line":173,"column":5}},"loc":{"start":{"line":173,"column":8},"end":{"line":173,"column":39}}},"5":{"name":"(anonymous_5)","decl":{"start":{"line":230,"column":30},"end":{"line":230,"column":33}},"loc":{"start":{"line":230,"column":36},"end":{"line":230,"column":50}}},"6":{"name":"(anonymous_6)","decl":{"start":{"line":236,"column":14},"end":{"line":236,"column":17}},"loc":{"start":{"line":236,"column":20},"end":{"line":236,"column":28}}},"7":{"name":"(anonymous_7)","decl":{"start":{"line":240,"column":38},"end":{"line":240,"column":41}},"loc":{"start":{"line":240,"column":44},"end":{"line":240,"column":75}}},"8":{"name":"(anonymous_8)","decl":{"start":{"line":244,"column":37},"end":{"line":244,"column":40}},"loc":{"start":{"line":244,"column":43},"end":{"line":244,"column":74}}},"9":{"name":"(anonymous_9)","decl":{"start":{"line":262,"column":15},"end":{"line":262,"column":18}},"loc":{"start":{"line":262,"column":21},"end":{"line":262,"column":35}}},"10":{"name":"(anonymous_10)","decl":{"start":{"line":268,"column":15},"end":{"line":268,"column":18}},"loc":{"start":{"line":268,"column":21},"end":{"line":268,"column":52}}},"11":{"name":"(anonymous_11)","decl":{"start":{"line":276,"column":1},"end":{"line":276,"column":2}},"loc":{"start":{"line":276,"column":13},"end":{"line":279,"column":3}}},"12":{"name":"(anonymous_12)","decl":{"start":{"line":307,"column":32},"end":{"line":307,"column":35}},"loc":{"start":{"line":307,"column":38},"end":{"line":307,"column":47}}},"13":{"name":"(anonymous_13)","decl":{"start":{"line":381,"column":15},"end":{"line":381,"column":18}},"loc":{"start":{"line":381,"column":21},"end":{"line":381,"column":30}}},"14":{"name":"(anonymous_14)","decl":{"start":{"line":387,"column":15},"end":{"line":387,"column":18}},"loc":{"start":{"line":387,"column":21},"end":{"line":387,"column":52}}},"15":{"name":"(anonymous_15)","decl":{"start":{"line":393,"column":1},"end":{"line":393,"column":2}},"loc":{"start":{"line":393,"column":13},"end":{"line":395,"column":3}}},"16":{"name":"(anonymous_16)","decl":{"start":{"line":407,"column":15},"end":{"line":407,"column":18}},"loc":{"start":{"line":407,"column":21},"end":{"line":407,"column":30}}},"17":{"name":"(anonymous_17)","decl":{"start":{"line":413,"column":15},"end":{"line":413,"column":18}},"loc":{"start":{"line":413,"column":21},"end":{"line":413,"column":35}}},"18":{"name":"(anonymous_18)","decl":{"start":{"line":419,"column":1},"end":{"line":419,"column":2}},"loc":{"start":{"line":419,"column":13},"end":{"line":421,"column":3}}}},"branchMap":{},"s":{"0":1,"1":1,"2":1,"3":1,"4":1,"5":1,"6":1,"7":0,"8":0,"9":1,"10":0,"11":1,"12":1,"13":0,"14":0,"15":1,"16":1,"17":1,"18":0,"19":0,"20":0,"21":0,"22":1,"23":0,"24":0,"25":0,"26":1,"27":1,"28":0,"29":1,"30":1,"31":1,"32":1,"33":1,"34":0,"35":0,"36":0,"37":1,"38":0,"39":0,"40":0,"41":1},"f":{"0":0,"1":0,"2":0,"3":0,"4":0,"5":0,"6":0,"7":0,"8":0,"9":0,"10":0,"11":0,"12":0,"13":0,"14":0,"15":0,"16":0,"17":0,"18":0},"b":{}}
,"C:\\Users\\edwin\\Desktop\\Programs\\Proyectos\\GEMA-Frontend\\BackEnd\\src\\db\\schema\\validationSchema.ts": {"path":"C:\\Users\\edwin\\Desktop\\Programs\\Proyectos\\GEMA-Frontend\\BackEnd\\src\\db\\schema\\validationSchema.ts","statementMap":{"0":{"start":{"line":13,"column":0},"end":{"line":13,"column":24}},"1":{"start":{"line":24,"column":13},"end":{"line":29,"column":3}},"2":{"start":{"line":41,"column":13},"end":{"line":49,"column":3}},"3":{"start":{"line":66,"column":13},"end":{"line":71,"column":3}},"4":{"start":{"line":84,"column":13},"end":{"line":93,"column":3}},"5":{"start":{"line":104,"column":13},"end":{"line":111,"column":3}},"6":{"start":{"line":122,"column":13},"end":{"line":127,"column":3}},"7":{"start":{"line":142,"column":13},"end":{"line":151,"column":3}},"8":{"start":{"line":160,"column":13},"end":{"line":163,"column":3}},"9":{"start":{"line":181,"column":13},"end":{"line":195,"column":3}},"10":{"start":{"line":206,"column":13},"end":{"line":213,"column":3}},"11":{"start":{"line":224,"column":13},"end":{"line":229,"column":3}},"12":{"start":{"line":242,"column":13},"end":{"line":251,"column":3}},"13":{"start":{"line":261,"column":13},"end":{"line":261,"column":74}},"14":{"start":{"line":262,"column":13},"end":{"line":262,"column":69}},"15":{"start":{"line":263,"column":13},"end":{"line":269,"column":3}},"16":{"start":{"line":284,"column":13},"end":{"line":295,"column":3}},"17":{"start":{"line":305,"column":13},"end":{"line":311,"column":3}}},"fnMap":{},"branchMap":{},"s":{"0":1,"1":1,"2":1,"3":1,"4":1,"5":1,"6":1,"7":1,"8":1,"9":1,"10":1,"11":1,"12":1,"13":1,"14":1,"15":1,"16":1,"17":1},"f":{},"b":{}}
}
