TN:
SF:src\controllers\crudFactory.ts
FN:33,buildPkWhere
FN:41,(anonymous_8)
FN:87,createCrud
FN:105,(anonymous_10)
FN:147,(anonymous_12)
FN:180,(anonymous_14)
FN:209,(anonymous_16)
FN:258,(anonymous_18)
FNF:8
FNH:1
FNDA:0,buildPkWhere
FNDA:0,(anonymous_8)
FNDA:2,createCrud
FNDA:0,(anonymous_10)
FNDA:0,(anonymous_12)
FNDA:0,(anonymous_14)
FNDA:0,(anonymous_16)
FNDA:0,(anonymous_18)
DA:15,1
DA:16,1
DA:18,1
DA:20,1
DA:21,1
DA:35,0
DA:36,0
DA:37,0
DA:40,0
DA:41,0
DA:60,1
DA:66,1
DA:87,1
DA:92,2
DA:106,0
DA:107,0
DA:109,0
DA:112,0
DA:114,0
DA:115,0
DA:117,0
DA:120,0
DA:121,0
DA:127,0
DA:148,0
DA:149,0
DA:150,0
DA:153,0
DA:158,0
DA:159,0
DA:161,0
DA:162,0
DA:181,0
DA:182,0
DA:184,0
DA:186,0
DA:187,0
DA:189,0
DA:190,0
DA:210,0
DA:211,0
DA:212,0
DA:215,0
DA:218,0
DA:219,0
DA:225,0
DA:226,0
DA:228,0
DA:231,0
DA:232,0
DA:238,0
DA:259,0
DA:260,0
DA:262,0
DA:263,0
DA:265,0
DA:266,0
DA:268,0
DA:269,0
LF:59
LH:9
BRDA:35,0,0,0
BRDA:35,0,1,0
BRDA:90,1,0,0
BRDA:120,2,0,0
BRDA:120,2,1,0
BRDA:158,3,0,0
BRDA:158,3,1,0
BRDA:159,4,0,0
BRDA:159,4,1,0
BRDA:225,5,0,0
BRDA:225,5,1,0
BRDA:226,6,0,0
BRDA:226,6,1,0
BRDA:231,7,0,0
BRDA:231,7,1,0
BRDA:265,8,0,0
BRDA:265,8,1,0
BRDA:266,9,0,0
BRDA:266,9,1,0
BRF:19
BRH:0
end_of_record
TN:
SF:src\controllers\report.controller.ts
FN:32,(anonymous_7)
FN:39,(anonymous_9)
FN:67,(anonymous_10)
FN:74,(anonymous_12)
FN:105,(anonymous_13)
FN:110,(anonymous_15)
FN:141,(anonymous_16)
FN:146,(anonymous_18)
FNF:8
FNH:8
FNDA:5,(anonymous_7)
FNDA:1002,(anonymous_9)
FNDA:5,(anonymous_10)
FNDA:501,(anonymous_12)
FNDA:5,(anonymous_13)
FNDA:4,(anonymous_15)
FNDA:4,(anonymous_16)
FNDA:4,(anonymous_18)
DA:1,1
DA:2,1
DA:3,1
DA:4,1
DA:9,1
DA:10,1
DA:12,1
DA:18,1
DA:33,5
DA:34,5
DA:35,5
DA:39,1002
DA:40,4
DA:41,4
DA:42,2
DA:47,4
DA:49,1
DA:68,5
DA:69,5
DA:70,5
DA:74,501
DA:75,4
DA:76,4
DA:77,2
DA:82,4
DA:84,1
DA:106,5
DA:107,5
DA:108,5
DA:109,5
DA:110,4
DA:114,3
DA:118,3
DA:120,2
DA:142,4
DA:143,4
DA:144,4
DA:145,4
DA:146,4
DA:150,3
DA:154,3
DA:156,1
LF:42
LH:42
BRDA:41,0,0,2
BRDA:41,0,1,2
BRDA:76,1,0,2
BRDA:76,1,1,2
BRF:4
BRH:4
end_of_record
TN:
SF:src\db\schema\schema.ts
FN:102,(anonymous_0)
FN:114,(anonymous_1)
FN:136,(anonymous_2)
FN:168,(anonymous_3)
FN:173,(anonymous_4)
FN:230,(anonymous_5)
FN:236,(anonymous_6)
FN:240,(anonymous_7)
FN:244,(anonymous_8)
FN:262,(anonymous_9)
FN:268,(anonymous_10)
FN:276,(anonymous_11)
FN:307,(anonymous_12)
FN:381,(anonymous_13)
FN:387,(anonymous_14)
FN:393,(anonymous_15)
FN:407,(anonymous_16)
FN:413,(anonymous_17)
FN:419,(anonymous_18)
FNF:19
FNH:0
FNDA:0,(anonymous_0)
FNDA:0,(anonymous_1)
FNDA:0,(anonymous_2)
FNDA:0,(anonymous_3)
FNDA:0,(anonymous_4)
FNDA:0,(anonymous_5)
FNDA:0,(anonymous_6)
FNDA:0,(anonymous_7)
FNDA:0,(anonymous_8)
FNDA:0,(anonymous_9)
FNDA:0,(anonymous_10)
FNDA:0,(anonymous_11)
FNDA:0,(anonymous_12)
FNDA:0,(anonymous_13)
FNDA:0,(anonymous_14)
FNDA:0,(anonymous_15)
FNDA:0,(anonymous_16)
FNDA:0,(anonymous_17)
FNDA:0,(anonymous_18)
DA:12,1
DA:22,1
DA:31,1
DA:46,1
DA:59,1
DA:84,1
DA:99,1
DA:102,0
DA:114,0
DA:127,1
DA:136,0
DA:149,1
DA:163,1
DA:168,0
DA:173,0
DA:194,1
DA:210,1
DA:221,1
DA:230,0
DA:236,0
DA:240,0
DA:244,0
DA:257,1
DA:262,0
DA:268,0
DA:276,0
DA:291,1
DA:304,1
DA:307,0
DA:321,1
DA:334,1
DA:346,1
DA:361,1
DA:376,1
DA:381,0
DA:387,0
DA:393,0
DA:402,1
DA:407,0
DA:413,0
DA:419,0
DA:430,1
LF:42
LH:23
BRF:0
BRH:0
end_of_record
TN:
SF:src\db\schema\validationSchema.ts
FNF:0
FNH:0
DA:13,1
DA:24,1
DA:41,1
DA:66,1
DA:84,1
DA:104,1
DA:122,1
DA:142,1
DA:160,1
DA:181,1
DA:206,1
DA:224,1
DA:242,1
DA:261,1
DA:262,1
DA:263,1
DA:284,1
DA:305,1
LF:18
LH:18
BRF:0
BRH:0
end_of_record
